#
# A fatal error has been detected by the Java Runtime Environment:
#
#  SIGSEGV (0xb) at pc=0x00007f6c6aa4de0d, pid=5362, tid=5363
#
# JRE version: OpenJDK Runtime Environment Corretto-11.0.12.7.1 (11.0.12+7) (build 11.0.12+7-LTS)
# Java VM: OpenJDK 64-Bit Server VM Corretto-11.0.12.7.1 (11.0.12+7-LTS, mixed mode, tiered, compressed oops, g1 gc, linux-amd64)
# Problematic frame:
# V  [libjvm.so+0xe8be0d]  SymbolTable::lookup(int, char const*, int, unsigned int)+0x22d
#
# Core dump will be written. Default location: Core dumps may be processed with "/usr/share/apport/apport %p %s %c %d %P %E" (or dumping to /home/zhigalko/dev/pet-project-zhigalko/dal/core.5362)
#
# If you would like to submit a bug report, please visit:
#   https://github.com/corretto/corretto-11/issues/
#

---------------  S U M M A R Y ------------

Command Line: /home/zhigalko/dev/pet-project-zhigalko/dal/target/surefire/surefirebooter4290083878562361982.jar /home/zhigalko/dev/pet-project-zhigalko/dal/target/surefire 2022-03-20T09-59-25_735-jvmRun1 surefire1897650050353948398tmp surefire_017626304251605681418tmp

Host: AMD Ryzen 3 3200U with Radeon Vega Mobile Gfx, 4 cores, 9G, Ubuntu 20.04.4 LTS
Time: Sun Mar 20 09:59:26 2022 +04 elapsed time: 0.103601 seconds (0d 0h 0m 0s)

---------------  T H R E A D  ---------------

Current thread (0x00007f6c64027800):  JavaThread "main" [_thread_in_vm, id=5363, stack(0x00007f6c69972000,0x00007f6c69a73000)]

Stack: [0x00007f6c69972000,0x00007f6c69a73000],  sp=0x00007f6c69a70150,  free space=1016k
Native frames: (J=compiled Java code, A=aot compiled Java code, j=interpreted, Vv=VM code, C=native code)
V  [libjvm.so+0xe8be0d]  SymbolTable::lookup(int, char const*, int, unsigned int)+0x22d
V  [libjvm.so+0x5f9bc3]  ClassFileParser::parse_constant_pool_entries(ClassFileStream const*, ConstantPool*, int, Thread*)+0x8c3
V  [libjvm.so+0x604fba]  ClassFileParser::parse_constant_pool(ClassFileStream const*, ConstantPool*, int, Thread*)+0x2a
V  [libjvm.so+0x60c406]  ClassFileParser::parse_stream(ClassFileStream const*, Thread*) [clone .part.140]+0x2a6
V  [libjvm.so+0x60d3ae]  ClassFileParser::ClassFileParser(ClassFileStream*, Symbol*, ClassLoaderData*, Handle, InstanceKlass const*, GrowableArray<Handle>*, ClassFileParser::Publicity, Thread*)+0x3be
V  [libjvm.so+0xa8d0c4]  KlassFactory::create_from_stream(ClassFileStream*, Symbol*, ClassLoaderData*, Handle, InstanceKlass const*, GrowableArray<Handle>*, Thread*)+0x104
V  [libjvm.so+0x612fd6]  ClassLoader::load_class(Symbol*, bool, Thread*)+0x176
V  [libjvm.so+0xea2ef5]  SystemDictionary::load_instance_class(Symbol*, Handle, Thread*)+0x4f5
V  [libjvm.so+0xea143a]  SystemDictionary::resolve_instance_class_or_null(Symbol*, Handle, Handle, Thread*)+0x93a
V  [libjvm.so+0xea1862]  SystemDictionary::resolve_or_fail(Symbol*, Handle, Handle, bool, Thread*)+0x22
V  [libjvm.so+0x6c9637]  ConstantPool::klass_ref_at(int, Thread*)+0x137
V  [libjvm.so+0xac480a]  LinkResolver::resolve_invoke(CallInfo&, Handle, constantPoolHandle const&, int, Bytecodes::Code, Thread*)+0x2da
V  [libjvm.so+0x8cca66]  InterpreterRuntime::resolve_invoke(JavaThread*, Bytecodes::Code)+0x2e6
V  [libjvm.so+0x8cd95d]  InterpreterRuntime::resolve_from_cache(JavaThread*, Bytecodes::Code)+0x16d
j  java.util.Map.of()Ljava/util/Map;+0 java.base
j  jdk.internal.module.ModuleBootstrap.decode(Ljava/lang/String;Ljava/lang/String;Z)Ljava/util/Map;+30 java.base
j  jdk.internal.module.ModuleBootstrap.initModulePatcher()Ljdk/internal/module/ModulePatcher;+6 java.base
j  jdk.internal.module.ModuleBootstrap.<clinit>()V+6 java.base
v  ~StubRoutines::call_stub
V  [libjvm.so+0x8d79c9]  JavaCalls::call_helper(JavaValue*, methodHandle const&, JavaCallArguments*, Thread*)+0x3b9
V  [libjvm.so+0x8a87ce]  InstanceKlass::call_class_initializer(Thread*)+0x22e
V  [libjvm.so+0x8a8ce8]  InstanceKlass::initialize_impl(Thread*)+0x3c8
V  [libjvm.so+0xac2b40]  LinkResolver::resolve_static_call(CallInfo&, LinkInfo const&, bool, Thread*)+0x610
V  [libjvm.so+0xac48b5]  LinkResolver::resolve_invoke(CallInfo&, Handle, constantPoolHandle const&, int, Bytecodes::Code, Thread*)+0x385
V  [libjvm.so+0x8cca66]  InterpreterRuntime::resolve_invoke(JavaThread*, Bytecodes::Code)+0x2e6
V  [libjvm.so+0x8cd95d]  InterpreterRuntime::resolve_from_cache(JavaThread*, Bytecodes::Code)+0x16d
j  java.lang.System.initPhase2(ZZ)I+0 java.base
v  ~StubRoutines::call_stub
V  [libjvm.so+0x8d79c9]  JavaCalls::call_helper(JavaValue*, methodHandle const&, JavaCallArguments*, Thread*)+0x3b9
V  [libjvm.so+0x8d66e5]  JavaCalls::call_static(JavaValue*, Klass*, Symbol*, Symbol*, JavaCallArguments*, Thread*)+0x115
V  [libjvm.so+0xedc9a1]  Threads::create_vm(JavaVMInitArgs*, bool*)+0x961
V  [libjvm.so+0x960531]  JNI_CreateJavaVM+0x51
C  [libjli.so+0xa48f]  JavaMain+0x8f
C  [libjli.so+0xebc9]  ThreadJavaMain+0x9

Java frames: (J=compiled Java code, j=interpreted, Vv=VM code)
j  java.util.Map.of()Ljava/util/Map;+0 java.base
j  jdk.internal.module.ModuleBootstrap.decode(Ljava/lang/String;Ljava/lang/String;Z)Ljava/util/Map;+30 java.base
j  jdk.internal.module.ModuleBootstrap.initModulePatcher()Ljdk/internal/module/ModulePatcher;+6 java.base
j  jdk.internal.module.ModuleBootstrap.<clinit>()V+6 java.base
v  ~StubRoutines::call_stub
j  java.lang.System.initPhase2(ZZ)I+0 java.base
v  ~StubRoutines::call_stub

siginfo: si_signo: 11 (SIGSEGV), si_code: 1 (SEGV_MAPERR), si_addr: 0x00007fcc641d0a98

Register to memory mapping:

RAX=0x00007fcc641d0a98 is an unknown value
RBX=0x0000000000000061 is an unknown value
RCX=0x000000000000001e is an unknown value
RDX=0x00007f6c1802561e points into unknown readable memory: 6a 61
RSP=0x00007f6c69a70150 is pointing into the stack for thread: 0x00007f6c64027800
RBP=0x00007f6c69a70180 is pointing into the stack for thread: 0x00007f6c64027800
RSI=0x0000000000000001 is an unknown value
RDI=0x00007f6c6415a7b0 points into unknown readable memory: 0x0000000000004e2b | 2b 4e 00 00 00 00 00 00
R8 =0x0000000079368113 is an unknown value
R9 =0x000000000000001e is an unknown value
R10=0x0 is NULL
R11=0x00007f6c69a705f0 is pointing into the stack for thread: 0x00007f6c64027800
R12=0x00007f6c1802561e points into unknown readable memory: 6a 61
R13=0x0000000000000083 is an unknown value
R14=0x00007f6c64027800 is a thread
R15=0x00007f6c4097fdd8 is pointing into metadata


Registers:
RAX=0x00007fcc641d0a98, RBX=0x0000000000000061, RCX=0x000000000000001e, RDX=0x00007f6c1802561e
RSP=0x00007f6c69a70150, RBP=0x00007f6c69a70180, RSI=0x0000000000000001, RDI=0x00007f6c6415a7b0
R8 =0x0000000079368113, R9 =0x000000000000001e, R10=0x0000000000000000, R11=0x00007f6c69a705f0
R12=0x00007f6c1802561e, R13=0x0000000000000083, R14=0x00007f6c64027800, R15=0x00007f6c4097fdd8
RIP=0x00007f6c6aa4de0d, EFLAGS=0x0000000000010202, CSGSFS=0x002b000000000033, ERR=0x0000000000000004
  TRAPNO=0x000000000000000e

Top of Stack: (sp=0x00007f6c69a70150)
0x00007f6c69a70150:   00007f6c6b048c10 0000000ef843e2fe
0x00007f6c69a70160:   0000000000000061 00007f6c6abb72f8
0x00007f6c69a70170:   0000000000000083 00007f6c64027800
0x00007f6c69a70180:   00007f6c69a702f0 00007f6c6a1bbbc3 

Instructions: (pc=0x00007f6c6aa4de0d)
0x00007f6c6aa4dd0d:   00 00 00 48 8b 47 08 48 63 f6 c6 05 8a f9 71 00
0x00007f6c6aa4dd1d:   00 48 8d 04 f0 48 8b 00 48 85 c0 0f 84 ba 01 00
0x00007f6c6aa4dd2d:   00 31 f6 45 31 d2 eb 11 0f 1f 00 48 8b 40 08 48
0x00007f6c6aa4dd3d:   83 e0 fe 0f 84 7a 01 00 00 83 c6 01 44 3b 00 75
0x00007f6c6aa4dd4d:   ea 48 8b 58 10 0f b7 13 39 d1 75 df 48 63 d1 eb
0x00007f6c6aa4dd5d:   13 66 90 45 0f b6 4c 14 ff 48 83 ea 01 44 3a 4c
0x00007f6c6aa4dd6d:   13 06 75 c7 49 39 d2 75 ea 48 89 df e8 d2 ef ff
0x00007f6c6aa4dd7d:   ff e9 d6 00 00 00 0f 1f 44 00 00 8b 1a 48 03 1d
0x00007f6c6aa4dd8d:   ef f8 71 00 0f b7 03 39 c1 0f 85 74 ff ff ff 48
0x00007f6c6aa4dd9d:   63 c1 45 31 c9 eb 18 0f 1f 40 00 41 0f b6 54 04
0x00007f6c6aa4ddad:   ff 48 83 e8 01 3a 54 03 06 0f 85 54 ff ff ff 49
0x00007f6c6aa4ddbd:   39 c1 75 e7 48 85 db 0f 84 46 ff ff ff 48 83 c4
0x00007f6c6aa4ddcd:   10 48 89 d8 5b 41 5c 41 5d 41 5e 5d c3 66 0f 1f
0x00007f6c6aa4dddd:   44 00 00 48 8b 47 08 48 63 f6 48 8d 04 f0 48 8b
0x00007f6c6aa4dded:   00 31 f6 45 31 d2 48 85 c0 75 12 e9 81 00 00 00
0x00007f6c6aa4ddfd:   0f 1f 00 48 8b 40 08 48 83 e0 fe 74 66 83 c6 01
0x00007f6c6aa4de0d:   44 3b 00 75 ee 48 8b 58 10 0f b7 13 39 d1 75 e3
0x00007f6c6aa4de1d:   48 63 d1 eb 17 66 0f 1f 44 00 00 45 0f b6 4c 14
0x00007f6c6aa4de2d:   ff 48 83 ea 01 44 3a 4c 13 06 75 c7 49 39 d2 75
0x00007f6c6aa4de3d:   ea 48 89 df 44 89 45 d8 89 4d dc e8 03 ef ff ff
0x00007f6c6aa4de4d:   48 85 db 8b 4d dc 44 8b 45 d8 74 25 48 83 c4 10
0x00007f6c6aa4de5d:   48 89 d8 5b 41 5c 41 5d 41 5e 5d c3 0f 1f 80 00
0x00007f6c6aa4de6d:   00 00 00 83 fe 63 7e 09 80 3d 2d f8 71 00 00 74
0x00007f6c6aa4de7d:   22 48 83 c4 10 4c 89 e7 44 89 c2 5b 41 5c 41 5d
0x00007f6c6aa4de8d:   41 5e 5d 89 ce e9 29 f2 ff ff 66 0f 1f 84 00 00
0x00007f6c6aa4de9d:   00 00 00 44 89 45 d8 89 4d dc e8 04 3a 9d ff 44
0x00007f6c6aa4dead:   8b 45 d8 88 05 f3 f7 71 00 8b 4d dc eb c3 0f 1f
0x00007f6c6aa4debd:   44 00 00 31 db 83 fe 63 7e 92 80 3d db f7 71 00
0x00007f6c6aa4decd:   00 75 89 e8 db 39 9d ff 88 05 ce f7 71 00 e9 79
0x00007f6c6aa4dedd:   ff ff ff 45 31 c9 e9 5c fd ff ff 31 db e9 6a ff
0x00007f6c6aa4deed:   ff ff 90 48 8d 05 e9 31 71 00 55 48 89 e5 48 2b
0x00007f6c6aa4defd:   38 5d 48 89 f8 c3 90 66 90 66 2e 0f 1f 84 00 00 


Stack slot to memory mapping:
stack at sp + 0 slots: 0x00007f6c6b048c10: <offset 0x0000000001486c10> in /home/zhigalko/.sdkman/candidates/java/11.0.12.7.1-amzn/lib/server/libjvm.so at 0x00007f6c69bc2000
stack at sp + 1 slots: 0x0000000ef843e2fe is an unknown value
stack at sp + 2 slots: 0x0000000000000061 is an unknown value
stack at sp + 3 slots: 0x00007f6c6abb72f8: <offset 0x0000000000ff52f8> in /home/zhigalko/.sdkman/candidates/java/11.0.12.7.1-amzn/lib/server/libjvm.so at 0x00007f6c69bc2000
stack at sp + 4 slots: 0x0000000000000083 is an unknown value
stack at sp + 5 slots: 0x00007f6c64027800 is a thread
stack at sp + 6 slots: 0x00007f6c69a702f0 is pointing into the stack for thread: 0x00007f6c64027800
stack at sp + 7 slots: 0x00007f6c6a1bbbc3: <offset 0x00000000005f9bc3> in /home/zhigalko/.sdkman/candidates/java/11.0.12.7.1-amzn/lib/server/libjvm.so at 0x00007f6c69bc2000


---------------  P R O C E S S  ---------------

Threads class SMR info:
_java_thread_list=0x00007f6c64202f20, length=8, elements={
0x00007f6c64027800, 0x00007f6c641e0000, 0x00007f6c641e4000, 0x00007f6c641f9000,
0x00007f6c641fb000, 0x00007f6c641fd000, 0x00007f6c641ff000, 0x00007f6c64201000
}

Java Threads: ( => current thread )
=>0x00007f6c64027800 JavaThread "main" [_thread_in_vm, id=5363, stack(0x00007f6c69972000,0x00007f6c69a73000)]
  0x00007f6c641e0000 JavaThread "Reference Handler" daemon [_thread_blocked, id=5374, stack(0x00007f6c404f5000,0x00007f6c405f6000)]
  0x00007f6c641e4000 JavaThread "Finalizer" daemon [_thread_blocked, id=5375, stack(0x00007f6c403f4000,0x00007f6c404f5000)]
  0x00007f6c641f9000 JavaThread "Signal Dispatcher" daemon [_thread_blocked, id=5376, stack(0x00007f6c402f3000,0x00007f6c403f4000)]
  0x00007f6c641fb000 JavaThread "Service Thread" daemon [_thread_blocked, id=5377, stack(0x00007f6c401f2000,0x00007f6c402f3000)]
  0x00007f6c641fd000 JavaThread "C2 CompilerThread0" daemon [_thread_blocked, id=5378, stack(0x00007f6c400f1000,0x00007f6c401f2000)]
  0x00007f6c641ff000 JavaThread "C1 CompilerThread0" daemon [_thread_blocked, id=5379, stack(0x00007f6c2398c000,0x00007f6c23a8d000)]
  0x00007f6c64201000 JavaThread "Sweeper thread" daemon [_thread_blocked, id=5380, stack(0x00007f6c2388b000,0x00007f6c2398c000)]

Other Threads:
  0x00007f6c641d8000 VMThread "VM Thread" [stack: 0x00007f6c405f8000,0x00007f6c406f8000] [id=5373]
  0x00007f6c6403f000 GCTaskThread "GC Thread#0" [stack: 0x00007f6c68df2000,0x00007f6c68ef2000] [id=5368]
  0x00007f6c6407a800 ConcurrentGCThread "G1 Main Marker" [stack: 0x00007f6c4c2a8000,0x00007f6c4c3a8000] [id=5369]
  0x00007f6c6407c000 ConcurrentGCThread "G1 Conc#0" [stack: 0x00007f6c4c1a6000,0x00007f6c4c2a6000] [id=5370]
  0x00007f6c6410e000 ConcurrentGCThread "G1 Refine#0" [stack: 0x00007f6c4107d000,0x00007f6c4117d000] [id=5371]
  0x00007f6c6410f800 ConcurrentGCThread "G1 Young RemSet Sampling" [stack: 0x00007f6c40f7b000,0x00007f6c4107b000] [id=5372]

Threads with active compile tasks:

VM state:not at safepoint (normal execution)

VM Mutex/Monitor currently owned by a thread: None

Heap address: 0x0000000769000000, size: 2416 MB, Compressed Oops mode: Zero based, Oop shift amount: 3
Narrow klass base: 0x0000000800000000, Narrow klass shift: 0
Compressed class space size: 1073741824 Address: 0x0000000800000000

Heap:
 garbage-first heap   total 155648K, used 0K [0x0000000769000000, 0x0000000800000000)
  region size 1024K, 1 young (1024K), 0 survivors (0K)
 Metaspace       used 2254K, capacity 4480K, committed 4480K, reserved 1056768K
  class space    used 178K, capacity 384K, committed 384K, reserved 1048576K
Heap Regions: E=young(eden), S=young(survivor), O=old, HS=humongous(starts), HC=humongous(continues), CS=collection set, F=free, A=archive, TAMS=top-at-mark-start (previous, next)
|   0|0x0000000769000000, 0x0000000769000000, 0x0000000769100000|  0%| F|  |TAMS 0x0000000769000000, 0x0000000769000000| Untracked 
|   1|0x0000000769100000, 0x0000000769100000, 0x0000000769200000|  0%| F|  |TAMS 0x0000000769100000, 0x0000000769100000| Untracked 
|   2|0x0000000769200000, 0x0000000769200000, 0x0000000769300000|  0%| F|  |TAMS 0x0000000769200000, 0x0000000769200000| Untracked 
|   3|0x0000000769300000, 0x0000000769300000, 0x0000000769400000|  0%| F|  |TAMS 0x0000000769300000, 0x0000000769300000| Untracked 
|   4|0x0000000769400000, 0x0000000769400000, 0x0000000769500000|  0%| F|  |TAMS 0x0000000769400000, 0x0000000769400000| Untracked 
|   5|0x0000000769500000, 0x0000000769500000, 0x0000000769600000|  0%| F|  |TAMS 0x0000000769500000, 0x0000000769500000| Untracked 
|   6|0x0000000769600000, 0x0000000769600000, 0x0000000769700000|  0%| F|  |TAMS 0x0000000769600000, 0x0000000769600000| Untracked 
|   7|0x0000000769700000, 0x0000000769700000, 0x0000000769800000|  0%| F|  |TAMS 0x0000000769700000, 0x0000000769700000| Untracked 
|   8|0x0000000769800000, 0x0000000769800000, 0x0000000769900000|  0%| F|  |TAMS 0x0000000769800000, 0x0000000769800000| Untracked 
|   9|0x0000000769900000, 0x0000000769900000, 0x0000000769a00000|  0%| F|  |TAMS 0x0000000769900000, 0x0000000769900000| Untracked 
|  10|0x0000000769a00000, 0x0000000769a00000, 0x0000000769b00000|  0%| F|  |TAMS 0x0000000769a00000, 0x0000000769a00000| Untracked 
|  11|0x0000000769b00000, 0x0000000769b00000, 0x0000000769c00000|  0%| F|  |TAMS 0x0000000769b00000, 0x0000000769b00000| Untracked 
|  12|0x0000000769c00000, 0x0000000769c00000, 0x0000000769d00000|  0%| F|  |TAMS 0x0000000769c00000, 0x0000000769c00000| Untracked 
|  13|0x0000000769d00000, 0x0000000769d00000, 0x0000000769e00000|  0%| F|  |TAMS 0x0000000769d00000, 0x0000000769d00000| Untracked 
|  14|0x0000000769e00000, 0x0000000769e00000, 0x0000000769f00000|  0%| F|  |TAMS 0x0000000769e00000, 0x0000000769e00000| Untracked 
|  15|0x0000000769f00000, 0x0000000769f00000, 0x000000076a000000|  0%| F|  |TAMS 0x0000000769f00000, 0x0000000769f00000| Untracked 
|  16|0x000000076a000000, 0x000000076a000000, 0x000000076a100000|  0%| F|  |TAMS 0x000000076a000000, 0x000000076a000000| Untracked 
|  17|0x000000076a100000, 0x000000076a100000, 0x000000076a200000|  0%| F|  |TAMS 0x000000076a100000, 0x000000076a100000| Untracked 
|  18|0x000000076a200000, 0x000000076a200000, 0x000000076a300000|  0%| F|  |TAMS 0x000000076a200000, 0x000000076a200000| Untracked 
|  19|0x000000076a300000, 0x000000076a300000, 0x000000076a400000|  0%| F|  |TAMS 0x000000076a300000, 0x000000076a300000| Untracked 
|  20|0x000000076a400000, 0x000000076a400000, 0x000000076a500000|  0%| F|  |TAMS 0x000000076a400000, 0x000000076a400000| Untracked 
|  21|0x000000076a500000, 0x000000076a500000, 0x000000076a600000|  0%| F|  |TAMS 0x000000076a500000, 0x000000076a500000| Untracked 
|  22|0x000000076a600000, 0x000000076a600000, 0x000000076a700000|  0%| F|  |TAMS 0x000000076a600000, 0x000000076a600000| Untracked 
|  23|0x000000076a700000, 0x000000076a700000, 0x000000076a800000|  0%| F|  |TAMS 0x000000076a700000, 0x000000076a700000| Untracked 
|  24|0x000000076a800000, 0x000000076a800000, 0x000000076a900000|  0%| F|  |TAMS 0x000000076a800000, 0x000000076a800000| Untracked 
|  25|0x000000076a900000, 0x000000076a900000, 0x000000076aa00000|  0%| F|  |TAMS 0x000000076a900000, 0x000000076a900000| Untracked 
|  26|0x000000076aa00000, 0x000000076aa00000, 0x000000076ab00000|  0%| F|  |TAMS 0x000000076aa00000, 0x000000076aa00000| Untracked 
|  27|0x000000076ab00000, 0x000000076ab00000, 0x000000076ac00000|  0%| F|  |TAMS 0x000000076ab00000, 0x000000076ab00000| Untracked 
|  28|0x000000076ac00000, 0x000000076ac00000, 0x000000076ad00000|  0%| F|  |TAMS 0x000000076ac00000, 0x000000076ac00000| Untracked 
|  29|0x000000076ad00000, 0x000000076ad00000, 0x000000076ae00000|  0%| F|  |TAMS 0x000000076ad00000, 0x000000076ad00000| Untracked 
|  30|0x000000076ae00000, 0x000000076ae00000, 0x000000076af00000|  0%| F|  |TAMS 0x000000076ae00000, 0x000000076ae00000| Untracked 
|  31|0x000000076af00000, 0x000000076af00000, 0x000000076b000000|  0%| F|  |TAMS 0x000000076af00000, 0x000000076af00000| Untracked 
|  32|0x000000076b000000, 0x000000076b000000, 0x000000076b100000|  0%| F|  |TAMS 0x000000076b000000, 0x000000076b000000| Untracked 
|  33|0x000000076b100000, 0x000000076b100000, 0x000000076b200000|  0%| F|  |TAMS 0x000000076b100000, 0x000000076b100000| Untracked 
|  34|0x000000076b200000, 0x000000076b200000, 0x000000076b300000|  0%| F|  |TAMS 0x000000076b200000, 0x000000076b200000| Untracked 
|  35|0x000000076b300000, 0x000000076b300000, 0x000000076b400000|  0%| F|  |TAMS 0x000000076b300000, 0x000000076b300000| Untracked 
|  36|0x000000076b400000, 0x000000076b400000, 0x000000076b500000|  0%| F|  |TAMS 0x000000076b400000, 0x000000076b400000| Untracked 
|  37|0x000000076b500000, 0x000000076b500000, 0x000000076b600000|  0%| F|  |TAMS 0x000000076b500000, 0x000000076b500000| Untracked 
|  38|0x000000076b600000, 0x000000076b600000, 0x000000076b700000|  0%| F|  |TAMS 0x000000076b600000, 0x000000076b600000| Untracked 
|  39|0x000000076b700000, 0x000000076b700000, 0x000000076b800000|  0%| F|  |TAMS 0x000000076b700000, 0x000000076b700000| Untracked 
|  40|0x000000076b800000, 0x000000076b800000, 0x000000076b900000|  0%| F|  |TAMS 0x000000076b800000, 0x000000076b800000| Untracked 
|  41|0x000000076b900000, 0x000000076b900000, 0x000000076ba00000|  0%| F|  |TAMS 0x000000076b900000, 0x000000076b900000| Untracked 
|  42|0x000000076ba00000, 0x000000076ba00000, 0x000000076bb00000|  0%| F|  |TAMS 0x000000076ba00000, 0x000000076ba00000| Untracked 
|  43|0x000000076bb00000, 0x000000076bb00000, 0x000000076bc00000|  0%| F|  |TAMS 0x000000076bb00000, 0x000000076bb00000| Untracked 
|  44|0x000000076bc00000, 0x000000076bc00000, 0x000000076bd00000|  0%| F|  |TAMS 0x000000076bc00000, 0x000000076bc00000| Untracked 
|  45|0x000000076bd00000, 0x000000076bd00000, 0x000000076be00000|  0%| F|  |TAMS 0x000000076bd00000, 0x000000076bd00000| Untracked 
|  46|0x000000076be00000, 0x000000076be00000, 0x000000076bf00000|  0%| F|  |TAMS 0x000000076be00000, 0x000000076be00000| Untracked 
|  47|0x000000006bf00000, 0x000000076bf00000, 0x000000076c000000| 99%| F|  |TAMS 0x000000076bf00000, 0x000000076bf00000| Untracked 
|  48|0x000000076c000000, 0x000000076c000000, 0x000000076c100000|  0%| F|  |TAMS 0x000000076c000000, 0x000000076c000000| Untracked 
|  49|0x000000076c100000, 0x000000076c100000, 0x000000076c200000|  0%| F|  |TAMS 0x000000076c100000, 0x000000076c100000| Untracked 
|  50|0x000000076c200000, 0x000000076c200000, 0x000000076c300000|  0%| F|  |TAMS 0x000000076c200000, 0x000000076c200000| Untracked 
|  51|0x000000076c300000, 0x000000076c300000, 0x000000076c400000|  0%| F|  |TAMS 0x000000076c300000, 0x000000076c300000| Untracked 
|  52|0x000000076c400000, 0x000000076c400000, 0x000000076c500000|  0%| F|  |TAMS 0x000000076c400000, 0x000000076c400000| Untracked 
|  53|0x000000076c500000, 0x000000076c500000, 0x000000076c600000|  0%| F|  |TAMS 0x000000076c500000, 0x000000076c500000| Untracked 
|  54|0x000000076c600000, 0x000000076c600000, 0x000000076c700000|  0%| F|  |TAMS 0x000000076c600000, 0x000000076c600000| Untracked 
|  55|0x000000076c700000, 0x000000076c700000, 0x000000076c800000|  0%| F|  |TAMS 0x000000076c700000, 0x000000076c700000| Untracked 
|  56|0x000000076c800000, 0x000000076c800000, 0x000000076c900000|  0%| F|  |TAMS 0x000000076c800000, 0x000000076c800000| Untracked 
|  57|0x000000076c900000, 0x000000076c900000, 0x000000076ca00000|  0%| F|  |TAMS 0x000000076c900000, 0x000000076c900000| Untracked 
|  58|0x000000076ca00000, 0x000000076ca00000, 0x000000076cb00000|  0%| F|  |TAMS 0x000000076ca00000, 0x000000076ca00000| Untracked 
|  59|0x000000076cb00000, 0x000000076cb00000, 0x000000076cc00000|  0%| F|  |TAMS 0x000000076cb00000, 0x000000076cb00000| Untracked 
|  60|0x000000076cc00000, 0x000000076cc00000, 0x000000076cd00000|  0%| F|  |TAMS 0x000000076cc00000, 0x000000076cc00000| Untracked 
|  61|0x000000076cd00000, 0x000000076cd00000, 0x000000076ce00000|  0%| F|  |TAMS 0x000000076cd00000, 0x000000076cd00000| Untracked 
|  62|0x000000076ce00000, 0x000000076ce00000, 0x000000076cf00000|  0%| F|  |TAMS 0x000000076ce00000, 0x000000076ce00000| Untracked 
|  63|0x000000076cf00000, 0x000000076cf00000, 0x000000076d000000|  0%| F|  |TAMS 0x000000076cf00000, 0x000000076cf00000| Untracked 
|  64|0x000000076d000000, 0x000000076d000000, 0x000000076d100000|  0%| F|  |TAMS 0x000000076d000000, 0x000000076d000000| Untracked 
|  65|0x000000076d100000, 0x000000076d100000, 0x000000076d200000|  0%| F|  |TAMS 0x000000076d100000, 0x000000076d100000| Untracked 
|  66|0x000000076d200000, 0x000000076d200000, 0x000000076d300000|  0%| F|  |TAMS 0x000000076d200000, 0x000000076d200000| Untracked 
|  67|0x000000076d300000, 0x000000076d300000, 0x000000076d400000|  0%| F|  |TAMS 0x000000076d300000, 0x000000076d300000| Untracked 
|  68|0x000000076d400000, 0x000000076d400000, 0x000000076d500000|  0%| F|  |TAMS 0x000000076d400000, 0x000000076d400000| Untracked 
|  69|0x000000076d500000, 0x000000076d500000, 0x000000076d600000|  0%| F|  |TAMS 0x000000076d500000, 0x000000076d500000| Untracked 
|  70|0x000000076d600000, 0x000000076d600000, 0x000000076d700000|  0%| F|  |TAMS 0x000000076d600000, 0x000000076d600000| Untracked 
|  71|0x000000076d700000, 0x000000076d700000, 0x000000076d800000|  0%| F|  |TAMS 0x000000076d700000, 0x000000076d700000| Untracked 
|  72|0x000000076d800000, 0x000000076d800000, 0x000000076d900000|  0%| F|  |TAMS 0x000000076d800000, 0x000000076d800000| Untracked 
|  73|0x000000076d900000, 0x000000076d900000, 0x000000076da00000|  0%| F|  |TAMS 0x000000076d900000, 0x000000076d900000| Untracked 
|  74|0x000000076da00000, 0x000000076da00000, 0x000000076db00000|  0%| F|  |TAMS 0x000000076da00000, 0x000000076da00000| Untracked 
|  75|0x000000076db00000, 0x000000076db00000, 0x000000076dc00000|  0%| F|  |TAMS 0x000000076db00000, 0x000000076db00000| Untracked 
|  76|0x000000076dc00000, 0x000000076dc00000, 0x000000076dd00000|  0%| F|  |TAMS 0x000000076dc00000, 0x000000076dc00000| Untracked 
|  77|0x000000076dd00000, 0x000000076dd00000, 0x000000076de00000|  0%| F|  |TAMS 0x000000076dd00000, 0x000000076dd00000| Untracked 
|  78|0x000000076de00000, 0x000000076de00000, 0x000000076df00000|  0%| F|  |TAMS 0x000000076de00000, 0x000000076de00000| Untracked 
|  79|0x000000076df00000, 0x000000076df00000, 0x000000076e000000|  0%| F|  |TAMS 0x000000076df00000, 0x000000076df00000| Untracked 
|  80|0x000000076e000000, 0x000000076e000000, 0x000000076e100000|  0%| F|  |TAMS 0x000000076e000000, 0x000000076e000000| Untracked 
|  81|0x000000076e100000, 0x000000076e100000, 0x000000076e200000|  0%| F|  |TAMS 0x000000076e100000, 0x000000076e100000| Untracked 
|  82|0x000000076e200000, 0x000000076e200000, 0x000000076e300000|  0%| F|  |TAMS 0x000000076e200000, 0x000000076e200000| Untracked 
|  83|0x000000076e300000, 0x000000076e300000, 0x000000076e400000|  0%| F|  |TAMS 0x000000076e300000, 0x000000076e300000| Untracked 
|  84|0x000000076e400000, 0x000000076e400000, 0x000000076e500000|  0%| F|  |TAMS 0x000000076e400000, 0x000000076e400000| Untracked 
|  85|0x000000076e500000, 0x000000076e500000, 0x000000076e600000|  0%| F|  |TAMS 0x000000076e500000, 0x000000076e500000| Untracked 
|  86|0x000000076e600000, 0x000000076e600000, 0x000000076e700000|  0%| F|  |TAMS 0x000000076e600000, 0x000000076e600000| Untracked 
|  87|0x000000076e700000, 0x000000076e700000, 0x000000076e800000|  0%| F|  |TAMS 0x000000076e700000, 0x000000076e700000| Untracked 
|  88|0x000000076e800000, 0x000000076e800000, 0x000000076e900000|  0%| F|  |TAMS 0x000000076e800000, 0x000000076e800000| Untracked 
|  89|0x000000076e900000, 0x000000076e900000, 0x000000076ea00000|  0%| F|  |TAMS 0x000000076e900000, 0x000000076e900000| Untracked 
|  90|0x000000076ea00000, 0x000000076ea00000, 0x000000076eb00000|  0%| F|  |TAMS 0x000000076ea00000, 0x000000076ea00000| Untracked 
|  91|0x000000076eb00000, 0x000000076eb00000, 0x000000076ec00000|  0%| F|  |TAMS 0x000000076eb00000, 0x000000076eb00000| Untracked 
|  92|0x000000076ec00000, 0x000000076ec00000, 0x000000076ed00000|  0%| F|  |TAMS 0x000000076ec00000, 0x000000076ec00000| Untracked 
|  93|0x000000076ed00000, 0x000000076ed00000, 0x000000076ee00000|  0%| F|  |TAMS 0x000000076ed00000, 0x000000076ed00000| Untracked 
|  94|0x000000076ee00000, 0x000000076ee00000, 0x000000076ef00000|  0%| F|  |TAMS 0x000000076ee00000, 0x000000076ee00000| Untracked 
|  95|0x000000076ef00000, 0x000000076ef00000, 0x000000076f000000|  0%| F|  |TAMS 0x000000076ef00000, 0x000000076ef00000| Untracked 
|  96|0x000000076f000000, 0x000000076f000000, 0x000000076f100000|  0%| F|  |TAMS 0x000000076f000000, 0x000000076f000000| Untracked 
|  97|0x000000076f100000, 0x000000076f100000, 0x000000076f200000|  0%| F|  |TAMS 0x000000076f100000, 0x000000076f100000| Untracked 
|  98|0x000000076f200000, 0x000000076f200000, 0x000000076f300000|  0%| F|  |TAMS 0x000000076f200000, 0x000000076f200000| Untracked 
|  99|0x000000076f300000, 0x000000076f300000, 0x000000076f400000|  0%| F|  |TAMS 0x000000076f300000, 0x000000076f300000| Untracked 
| 100|0x000000076f400000, 0x000000076f400000, 0x000000076f500000|  0%| F|  |TAMS 0x000000076f400000, 0x000000076f400000| Untracked 
| 101|0x000000076f500000, 0x000000076f500000, 0x000000076f600000|  0%| F|  |TAMS 0x000000076f500000, 0x000000076f500000| Untracked 
| 102|0x000000076f600000, 0x000000076f600000, 0x000000076f700000|  0%| F|  |TAMS 0x000000076f600000, 0x000000076f600000| Untracked 
| 103|0x000000076f700000, 0x000000076f700000, 0x000000076f800000|  0%| F|  |TAMS 0x000000076f700000, 0x000000076f700000| Untracked 
| 104|0x000000076f800000, 0x000000076f800000, 0x000000076f900000|  0%| F|  |TAMS 0x000000076f800000, 0x000000076f800000| Untracked 
| 105|0x000000076f900000, 0x000000076f900000, 0x000000076fa00000|  0%| F|  |TAMS 0x000000076f900000, 0x000000076f900000| Untracked 
| 106|0x000000076fa00000, 0x000000076fa00000, 0x000000076fb00000|  0%| F|  |TAMS 0x000000076fa00000, 0x000000076fa00000| Untracked 
| 107|0x000000076fb00000, 0x000000076fb00000, 0x000000076fc00000|  0%| F|  |TAMS 0x000000076fb00000, 0x000000076fb00000| Untracked 
| 108|0x000000076fc00000, 0x000000076fc00000, 0x000000076fd00000|  0%| F|  |TAMS 0x000000076fc00000, 0x000000076fc00000| Untracked 
| 109|0x000000076fd00000, 0x000000076fd00000, 0x000000076fe00000|  0%| F|  |TAMS 0x000000076fd00000, 0x000000076fd00000| Untracked 
| 110|0x000000076fe00000, 0x000000076fe00000, 0x000000076ff00000|  0%| F|  |TAMS 0x000000076fe00000, 0x000000076fe00000| Untracked 
| 111|0x000000076ff00000, 0x000000076ff00000, 0x0000000770000000|  0%| F|  |TAMS 0x000000076ff00000, 0x000000076ff00000| Untracked 
| 112|0x0000000770000000, 0x0000000770000000, 0x0000000770100000|  0%| F|  |TAMS 0x0000000770000000, 0x0000000770000000| Untracked 
| 113|0x0000000770100000, 0x0000000770100000, 0x0000000770200000|  0%| F|  |TAMS 0x0000000770100000, 0x0000000770100000| Untracked 
| 114|0x0000000770200000, 0x0000000770200000, 0x0000000770300000|  0%| F|  |TAMS 0x0000000770200000, 0x0000000770200000| Untracked 
| 115|0x0000000770300000, 0x0000000770300000, 0x0000000770400000|  0%| F|  |TAMS 0x0000000770300000, 0x0000000770300000| Untracked 
| 116|0x0000000770400000, 0x0000000770400000, 0x0000000770500000|  0%| F|  |TAMS 0x0000000770400000, 0x0000000770400000| Untracked 
| 117|0x0000000770500000, 0x0000000770500000, 0x0000000770600000|  0%| F|  |TAMS 0x0000000770500000, 0x0000000770500000| Untracked 
| 118|0x0000000770600000, 0x0000000770600000, 0x0000000770700000|  0%| F|  |TAMS 0x0000000770600000, 0x0000000770600000| Untracked 
| 119|0x0000000770700000, 0x0000000770700000, 0x0000000770800000|  0%| F|  |TAMS 0x0000000770700000, 0x0000000770700000| Untracked 
| 120|0x0000000770800000, 0x0000000770800000, 0x0000000770900000|  0%| F|  |TAMS 0x0000000770800000, 0x0000000770800000| Untracked 
| 121|0x0000000770900000, 0x0000000770900000, 0x0000000770a00000|  0%| F|  |TAMS 0x0000000770900000, 0x0000000770900000| Untracked 
| 122|0x0000000770a00000, 0x0000000770a00000, 0x0000000770b00000|  0%| F|  |TAMS 0x0000000770a00000, 0x0000000770a00000| Untracked 
| 123|0x0000000770b00000, 0x0000000770b00000, 0x0000000770c00000|  0%| F|  |TAMS 0x0000000770b00000, 0x0000000770b00000| Untracked 
| 124|0x0000000770c00000, 0x0000000770c00000, 0x0000000770d00000|  0%| F|  |TAMS 0x0000000770c00000, 0x0000000770c00000| Untracked 
| 125|0x0000000770d00000, 0x0000000770d00000, 0x0000000770e00000|  0%| F|  |TAMS 0x0000000770d00000, 0x0000000770d00000| Untracked 
| 126|0x0000000770e00000, 0x0000000770e00000, 0x0000000770f00000|  0%| F|  |TAMS 0x0000000770e00000, 0x0000000770e00000| Untracked 
| 127|0x0000000770f00000, 0x0000000770f00000, 0x0000000771000000|  0%| F|  |TAMS 0x0000000770f00000, 0x0000000770f00000| Untracked 
| 128|0x0000000771000000, 0x0000000771000000, 0x0000000771100000|  0%| F|  |TAMS 0x0000000771000000, 0x0000000771000000| Untracked 
| 129|0x0000000771100000, 0x0000000771100000, 0x0000000771200000|  0%| F|  |TAMS 0x0000000771100000, 0x0000000771100000| Untracked 
| 130|0x0000000771200000, 0x0000000771200000, 0x0000000771300000|  0%| F|  |TAMS 0x0000000771200000, 0x0000000771200000| Untracked 
| 131|0x0000000771300000, 0x0000000771300000, 0x0000000771400000|  0%| F|  |TAMS 0x0000000771300000, 0x0000000771300000| Untracked 
| 132|0x0000000771400000, 0x0000000771400000, 0x0000000771500000|  0%| F|  |TAMS 0x0000000771400000, 0x0000000771400000| Untracked 
| 133|0x0000000771500000, 0x0000000771500000, 0x0000000771600000|  0%| F|  |TAMS 0x0000000771500000, 0x0000000771500000| Untracked 
| 134|0x0000000771600000, 0x0000000771600000, 0x0000000771700000|  0%| F|  |TAMS 0x0000000771600000, 0x0000000771600000| Untracked 
| 135|0x0000000771700000, 0x0000000771700000, 0x0000000771800000|  0%| F|  |TAMS 0x0000000771700000, 0x0000000771700000| Untracked 
| 136|0x0000000771800000, 0x0000000771800000, 0x0000000771900000|  0%| F|  |TAMS 0x0000000771800000, 0x0000000771800000| Untracked 
| 137|0x0000000771900000, 0x0000000771900000, 0x0000000771a00000|  0%| F|  |TAMS 0x0000000771900000, 0x0000000771900000| Untracked 
| 138|0x0000000771a00000, 0x0000000771a00000, 0x0000000771b00000|  0%| F|  |TAMS 0x0000000771a00000, 0x0000000771a00000| Untracked 
| 139|0x0000000771b00000, 0x0000000771b00000, 0x0000000771c00000|  0%| F|  |TAMS 0x0000000771b00000, 0x0000000771b00000| Untracked 
| 140|0x0000000771c00000, 0x0000000771c00000, 0x0000000771d00000|  0%| F|  |TAMS 0x0000000771c00000, 0x0000000771c00000| Untracked 
| 141|0x0000000771d00000, 0x0000000771d00000, 0x0000000771e00000|  0%| F|  |TAMS 0x0000000771d00000, 0x0000000771d00000| Untracked 
| 142|0x0000000771e00000, 0x0000000771e00000, 0x0000000771f00000|  0%| F|  |TAMS 0x0000000771e00000, 0x0000000771e00000| Untracked 
| 143|0x0000000771f00000, 0x0000000771f00000, 0x0000000772000000|  0%| F|  |TAMS 0x0000000771f00000, 0x0000000771f00000| Untracked 
| 144|0x0000000772000000, 0x0000000772000000, 0x0000000772100000|  0%| F|  |TAMS 0x0000000772000000, 0x0000000772000000| Untracked 
| 145|0x0000000772100000, 0x0000000772100000, 0x0000000772200000|  0%| F|  |TAMS 0x0000000772100000, 0x0000000772100000| Untracked 
| 146|0x0000000772200000, 0x0000000772200000, 0x0000000772300000|  0%| F|  |TAMS 0x0000000772200000, 0x0000000772200000| Untracked 
| 147|0x0000000772300000, 0x0000000772300000, 0x0000000772400000|  0%| F|  |TAMS 0x0000000772300000, 0x0000000772300000| Untracked 
| 148|0x0000000772400000, 0x0000000772400000, 0x0000000772500000|  0%| F|  |TAMS 0x0000000772400000, 0x0000000772400000| Untracked 
| 149|0x0000000772500000, 0x0000000772500000, 0x0000000772600000|  0%| F|  |TAMS 0x0000000772500000, 0x0000000772500000| Untracked 
| 150|0x0000000772600000, 0x0000000772600000, 0x0000000772700000|  0%| F|  |TAMS 0x0000000772600000, 0x0000000772600000| Untracked 
| 151|0x0000000772700000, 0x000000077278f690, 0x0000000772800000| 56%| E|  |TAMS 0x0000000772700000, 0x0000000772700000| Complete 

Card table byte_map: [0x00007f6c6807c000,0x00007f6c68534000] _byte_map_base: 0x00007f6c64534000

Marking Bits (Prev, Next): (CMBitMap*) 0x00007f6c64070008, (CMBitMap*) 0x00007f6c64070040
 Prev Bits: [0x00007f6c45a40000, 0x00007f6c48000000)
 Next Bits: [0x00007f6c43480000, 0x00007f6c45a40000)

Polling page: 0x00007f6c6b5da000

Metaspace:

Usage:
  Non-class:      4.00 MB capacity,     2.03 MB ( 51%) used,     1.97 MB ( 49%) free+waste,    64 bytes ( <1%) overhead. 
      Class:    384.00 KB capacity,   178.29 KB ( 46%) used,   205.65 KB ( 54%) free+waste,    64 bytes ( <1%) overhead. 
       Both:      4.38 MB capacity,     2.20 MB ( 50%) used,     2.17 MB ( 50%) free+waste,   128 bytes ( <1%) overhead. 

Virtual space:
  Non-class space:        8.00 MB reserved,       4.00 MB ( 50%) committed 
      Class space:        1.00 GB reserved,     384.00 KB ( <1%) committed 
             Both:        1.01 GB reserved,       4.38 MB ( <1%) committed 

Chunk freelists:
   Non-Class:  0 bytes
       Class:  0 bytes
        Both:  0 bytes

MaxMetaspaceSize: unlimited
CompressedClassSpaceSize: 1.00 GB
Initial GC threshold: 20.80 MB
Current GC threshold: 20.80 MB
CDS: off

CodeHeap 'non-profiled nmethods': size=120032Kb used=0Kb max_used=0Kb free=120032Kb
 bounds [0x00007f6c54328000, 0x00007f6c54598000, 0x00007f6c5b860000]
CodeHeap 'profiled nmethods': size=120032Kb used=1Kb max_used=1Kb free=120030Kb
 bounds [0x00007f6c4cdf0000, 0x00007f6c4d060000, 0x00007f6c54328000]
CodeHeap 'non-nmethods': size=5696Kb used=998Kb max_used=1009Kb free=4697Kb
 bounds [0x00007f6c4c860000, 0x00007f6c4cad0000, 0x00007f6c4cdf0000]
 total_blobs=212 nmethods=1 adapters=126
 compilation: enabled
              stopped_count=0, restarted_count=0
 full_count=0

Compilation events (2 events):
Event: 0.088 Thread 0x00007f6c641ff000    1       3       java.lang.StringLatin1::hashCode (42 bytes)
Event: 0.088 Thread 0x00007f6c641ff000 nmethod 1 0x00007f6c4cdf0010 code [0x00007f6c4cdf01c0, 0x00007f6c4cdf0370]

GC Heap History (0 events):
No events

Deoptimization events (0 events):
No events

Classes redefined (0 events):
No events

Internal exceptions (0 events):
No events

Events (20 events):
Event: 0.086 Protecting memory [0x00007f6c400f1000,0x00007f6c400f5000] with protection modes 0
Event: 0.086 Thread 0x00007f6c641ff000 Thread added: 0x00007f6c641ff000
Event: 0.086 Protecting memory [0x00007f6c2398c000,0x00007f6c23990000] with protection modes 0
Event: 0.086 Thread 0x00007f6c64201000 Thread added: 0x00007f6c64201000
Event: 0.086 Protecting memory [0x00007f6c2388b000,0x00007f6c2388f000] with protection modes 0
Event: 0.087 loading class java/lang/invoke/MethodHandleStatics
Event: 0.087 loading class java/lang/invoke/MethodHandleStatics done
Event: 0.087 loading class java/lang/CharacterData
Event: 0.087 loading class java/lang/CharacterData done
Event: 0.087 loading class java/lang/CharacterDataLatin1
Event: 0.087 loading class java/lang/CharacterDataLatin1 done
Event: 0.088 loading class jdk/internal/module/ModuleBootstrap
Event: 0.089 loading class jdk/internal/module/ModuleBootstrap done
Event: 0.089 loading class java/lang/module/ModuleDescriptor
Event: 0.089 loading class java/lang/module/ModuleDescriptor done
Event: 0.089 loading class java/lang/module/ModuleDescriptor$1
Event: 0.089 loading class jdk/internal/misc/JavaLangModuleAccess
Event: 0.089 loading class jdk/internal/misc/JavaLangModuleAccess done
Event: 0.089 loading class java/lang/module/ModuleDescriptor$1 done
Event: 0.089 loading class java/util/ImmutableCollections


Dynamic libraries:
769000000-772800000 rw-p 00000000 00:00 0 
772800000-800000000 ---p 00000000 00:00 0 
800000000-800060000 rw-p 00000000 00:00 0 
800060000-840000000 ---p 00000000 00:00 0 
562505200000-562505201000 r-xp 00000000 08:04 2360553                    /home/zhigalko/.sdkman/candidates/java/11.0.12.7.1-amzn/bin/java
562505401000-562505402000 r--p 00001000 08:04 2360553                    /home/zhigalko/.sdkman/candidates/java/11.0.12.7.1-amzn/bin/java
562505402000-562505403000 rw-p 00002000 08:04 2360553                    /home/zhigalko/.sdkman/candidates/java/11.0.12.7.1-amzn/bin/java
5625057d4000-5625057f5000 rw-p 00000000 00:00 0                          [heap]
7f6c0c000000-7f6c0c02c000 rw-p 00000000 00:00 0 
7f6c0c02c000-7f6c10000000 ---p 00000000 00:00 0 
7f6c10000000-7f6c10021000 rw-p 00000000 00:00 0 
7f6c10021000-7f6c14000000 ---p 00000000 00:00 0 
7f6c14000000-7f6c14021000 rw-p 00000000 00:00 0 
7f6c14021000-7f6c18000000 ---p 00000000 00:00 0 
7f6c18000000-7f6c18036000 rw-p 00000000 00:00 0 
7f6c18036000-7f6c1c000000 ---p 00000000 00:00 0 
7f6c1c000000-7f6c1c021000 rw-p 00000000 00:00 0 
7f6c1c021000-7f6c20000000 ---p 00000000 00:00 0 
7f6c234ca000-7f6c2388b000 rw-p 00000000 00:00 0 
7f6c2388b000-7f6c2388f000 ---p 00000000 00:00 0 
7f6c2388f000-7f6c2398c000 rw-p 00000000 00:00 0 
7f6c2398c000-7f6c23990000 ---p 00000000 00:00 0 
7f6c23990000-7f6c23a8d000 rw-p 00000000 00:00 0 
7f6c23a8d000-7f6c24000000 r--p 00000000 08:01 1710831                    /usr/lib/locale/locale-archive
7f6c24000000-7f6c24021000 rw-p 00000000 00:00 0 
7f6c24021000-7f6c28000000 ---p 00000000 00:00 0 
7f6c28000000-7f6c28021000 rw-p 00000000 00:00 0 
7f6c28021000-7f6c2c000000 ---p 00000000 00:00 0 
7f6c2c000000-7f6c2c021000 rw-p 00000000 00:00 0 
7f6c2c021000-7f6c30000000 ---p 00000000 00:00 0 
7f6c30000000-7f6c30021000 rw-p 00000000 00:00 0 
7f6c30021000-7f6c34000000 ---p 00000000 00:00 0 
7f6c34000000-7f6c34021000 rw-p 00000000 00:00 0 
7f6c34021000-7f6c38000000 ---p 00000000 00:00 0 
7f6c38000000-7f6c38021000 rw-p 00000000 00:00 0 
7f6c38021000-7f6c3c000000 ---p 00000000 00:00 0 
7f6c3c000000-7f6c3c021000 rw-p 00000000 00:00 0 
7f6c3c021000-7f6c40000000 ---p 00000000 00:00 0 
7f6c400f1000-7f6c400f5000 ---p 00000000 00:00 0 
7f6c400f5000-7f6c401f2000 rw-p 00000000 00:00 0 
7f6c401f2000-7f6c401f6000 ---p 00000000 00:00 0 
7f6c401f6000-7f6c402f3000 rw-p 00000000 00:00 0 
7f6c402f3000-7f6c402f7000 ---p 00000000 00:00 0 
7f6c402f7000-7f6c403f4000 rw-p 00000000 00:00 0 
7f6c403f4000-7f6c403f8000 ---p 00000000 00:00 0 
7f6c403f8000-7f6c404f5000 rw-p 00000000 00:00 0 
7f6c404f5000-7f6c404f9000 ---p 00000000 00:00 0 
7f6c404f9000-7f6c405f6000 rw-p 00000000 00:00 0 
7f6c405f6000-7f6c405f7000 ---p 00000000 00:00 0 
7f6c405f7000-7f6c40b79000 rw-p 00000000 00:00 0 
7f6c40b79000-7f6c40f79000 ---p 00000000 00:00 0 
7f6c40f79000-7f6c40f7a000 ---p 00000000 00:00 0 
7f6c40f7a000-7f6c4107b000 rw-p 00000000 00:00 0 
7f6c4107b000-7f6c4107c000 ---p 00000000 00:00 0 
7f6c4107c000-7f6c436e0000 rw-p 00000000 00:00 0 
7f6c436e0000-7f6c45a40000 ---p 00000000 00:00 0 
7f6c45a40000-7f6c45ca0000 rw-p 00000000 00:00 0 
7f6c45ca0000-7f6c48000000 ---p 00000000 00:00 0 
7f6c48000000-7f6c48021000 rw-p 00000000 00:00 0 
7f6c48021000-7f6c4c000000 ---p 00000000 00:00 0 
7f6c4c048000-7f6c4c1a4000 rw-p 00000000 00:00 0 
7f6c4c1a4000-7f6c4c1a5000 ---p 00000000 00:00 0 
7f6c4c1a5000-7f6c4c2a6000 rw-p 00000000 00:00 0 
7f6c4c2a6000-7f6c4c2a7000 ---p 00000000 00:00 0 
7f6c4c2a7000-7f6c4c3f4000 rw-p 00000000 00:00 0 
7f6c4c3f4000-7f6c4c860000 ---p 00000000 00:00 0 
7f6c4c860000-7f6c4cad0000 rwxp 00000000 00:00 0 
7f6c4cad0000-7f6c4cdf0000 ---p 00000000 00:00 0 
7f6c4cdf0000-7f6c4d060000 rwxp 00000000 00:00 0 
7f6c4d060000-7f6c54328000 ---p 00000000 00:00 0 
7f6c54328000-7f6c54598000 rwxp 00000000 00:00 0 
7f6c54598000-7f6c5b860000 ---p 00000000 00:00 0 
7f6c5b860000-7f6c64000000 r--s 00000000 08:04 2360610                    /home/zhigalko/.sdkman/candidates/java/11.0.12.7.1-amzn/lib/modules
7f6c64000000-7f6c64234000 rw-p 00000000 00:00 0 
7f6c64234000-7f6c68000000 ---p 00000000 00:00 0 
7f6c6802b000-7f6c680c8000 rw-p 00000000 00:00 0 
7f6c680c8000-7f6c68534000 ---p 00000000 00:00 0 
7f6c68534000-7f6c68580000 rw-p 00000000 00:00 0 
7f6c68580000-7f6c689ec000 ---p 00000000 00:00 0 
7f6c689ec000-7f6c68df0000 rw-p 00000000 00:00 0 
7f6c68df0000-7f6c68df1000 ---p 00000000 00:00 0 
7f6c68df1000-7f6c68ef7000 rw-p 00000000 00:00 0 
7f6c68ef7000-7f6c68fdd000 ---p 00000000 00:00 0 
7f6c68fdd000-7f6c68fe2000 rw-p 00000000 00:00 0 
7f6c68fe2000-7f6c690c8000 ---p 00000000 00:00 0 
7f6c690c8000-7f6c690e2000 r-xp 00000000 08:04 2360602                    /home/zhigalko/.sdkman/candidates/java/11.0.12.7.1-amzn/lib/libzip.so
7f6c690e2000-7f6c692e1000 ---p 0001a000 08:04 2360602                    /home/zhigalko/.sdkman/candidates/java/11.0.12.7.1-amzn/lib/libzip.so
7f6c692e1000-7f6c692e2000 r--p 00019000 08:04 2360602                    /home/zhigalko/.sdkman/candidates/java/11.0.12.7.1-amzn/lib/libzip.so
7f6c692e2000-7f6c692e3000 rw-p 00000000 00:00 0 
7f6c692e3000-7f6c692e6000 r--p 00000000 08:01 1706142                    /usr/lib/x86_64-linux-gnu/libnss_files-2.31.so
7f6c692e6000-7f6c692ed000 r-xp 00003000 08:01 1706142                    /usr/lib/x86_64-linux-gnu/libnss_files-2.31.so
7f6c692ed000-7f6c692ef000 r--p 0000a000 08:01 1706142                    /usr/lib/x86_64-linux-gnu/libnss_files-2.31.so
7f6c692ef000-7f6c692f0000 r--p 0000b000 08:01 1706142                    /usr/lib/x86_64-linux-gnu/libnss_files-2.31.so
7f6c692f0000-7f6c692f1000 rw-p 0000c000 08:01 1706142                    /usr/lib/x86_64-linux-gnu/libnss_files-2.31.so
7f6c692f1000-7f6c692f7000 rw-p 00000000 00:00 0 
7f6c692ff000-7f6c69304000 rw-p 00000000 00:00 0 
7f6c69304000-7f6c6930b000 ---p 00000000 00:00 0 
7f6c6930b000-7f6c69326000 r-xp 00000000 08:04 2360613                    /home/zhigalko/.sdkman/candidates/java/11.0.12.7.1-amzn/lib/libjimage.so
7f6c69326000-7f6c69526000 ---p 0001b000 08:04 2360613                    /home/zhigalko/.sdkman/candidates/java/11.0.12.7.1-amzn/lib/libjimage.so
7f6c69526000-7f6c69528000 r--p 0001b000 08:04 2360613                    /home/zhigalko/.sdkman/candidates/java/11.0.12.7.1-amzn/lib/libjimage.so
7f6c69528000-7f6c69529000 rw-p 0001d000 08:04 2360613                    /home/zhigalko/.sdkman/candidates/java/11.0.12.7.1-amzn/lib/libjimage.so
7f6c69529000-7f6c69553000 r-xp 00000000 08:04 2360577                    /home/zhigalko/.sdkman/candidates/java/11.0.12.7.1-amzn/lib/libjava.so
7f6c69553000-7f6c69752000 ---p 0002a000 08:04 2360577                    /home/zhigalko/.sdkman/candidates/java/11.0.12.7.1-amzn/lib/libjava.so
7f6c69752000-7f6c69753000 r--p 00029000 08:04 2360577                    /home/zhigalko/.sdkman/candidates/java/11.0.12.7.1-amzn/lib/libjava.so
7f6c69753000-7f6c69754000 rw-p 0002a000 08:04 2360577                    /home/zhigalko/.sdkman/candidates/java/11.0.12.7.1-amzn/lib/libjava.so
7f6c69754000-7f6c69755000 rw-p 00000000 00:00 0 
7f6c69755000-7f6c69766000 r-xp 00000000 08:04 2360622                    /home/zhigalko/.sdkman/candidates/java/11.0.12.7.1-amzn/lib/libverify.so
7f6c69766000-7f6c69965000 ---p 00011000 08:04 2360622                    /home/zhigalko/.sdkman/candidates/java/11.0.12.7.1-amzn/lib/libverify.so
7f6c69965000-7f6c69967000 r--p 00010000 08:04 2360622                    /home/zhigalko/.sdkman/candidates/java/11.0.12.7.1-amzn/lib/libverify.so
7f6c69967000-7f6c69968000 rw-p 00000000 00:00 0 
7f6c69968000-7f6c6996a000 r--p 00000000 08:01 1706149                    /usr/lib/x86_64-linux-gnu/librt-2.31.so
7f6c6996a000-7f6c6996e000 r-xp 00002000 08:01 1706149                    /usr/lib/x86_64-linux-gnu/librt-2.31.so
7f6c6996e000-7f6c69970000 r--p 00006000 08:01 1706149                    /usr/lib/x86_64-linux-gnu/librt-2.31.so
7f6c69970000-7f6c69971000 r--p 00007000 08:01 1706149                    /usr/lib/x86_64-linux-gnu/librt-2.31.so
7f6c69971000-7f6c69972000 rw-p 00008000 08:01 1706149                    /usr/lib/x86_64-linux-gnu/librt-2.31.so
7f6c69972000-7f6c69976000 ---p 00000000 00:00 0 
7f6c69976000-7f6c69a73000 rw-p 00000000 00:00 0 
7f6c69a73000-7f6c69a80000 r--p 00000000 08:01 1706136                    /usr/lib/x86_64-linux-gnu/libm-2.31.so
7f6c69a80000-7f6c69b27000 r-xp 0000d000 08:01 1706136                    /usr/lib/x86_64-linux-gnu/libm-2.31.so
7f6c69b27000-7f6c69bc0000 r--p 000b4000 08:01 1706136                    /usr/lib/x86_64-linux-gnu/libm-2.31.so
7f6c69bc0000-7f6c69bc1000 r--p 0014c000 08:01 1706136                    /usr/lib/x86_64-linux-gnu/libm-2.31.so
7f6c69bc1000-7f6c69bc2000 rw-p 0014d000 08:01 1706136                    /usr/lib/x86_64-linux-gnu/libm-2.31.so
7f6c69bc2000-7f6c6ae39000 r-xp 00000000 08:04 2360619                    /home/zhigalko/.sdkman/candidates/java/11.0.12.7.1-amzn/lib/server/libjvm.so
7f6c6ae39000-7f6c6b039000 ---p 01277000 08:04 2360619                    /home/zhigalko/.sdkman/candidates/java/11.0.12.7.1-amzn/lib/server/libjvm.so
7f6c6b039000-7f6c6b0fe000 r--p 01277000 08:04 2360619                    /home/zhigalko/.sdkman/candidates/java/11.0.12.7.1-amzn/lib/server/libjvm.so
7f6c6b0fe000-7f6c6b139000 rw-p 0133c000 08:04 2360619                    /home/zhigalko/.sdkman/candidates/java/11.0.12.7.1-amzn/lib/server/libjvm.so
7f6c6b139000-7f6c6b192000 rw-p 00000000 00:00 0 
7f6c6b192000-7f6c6b1b4000 r--p 00000000 08:01 1706134                    /usr/lib/x86_64-linux-gnu/libc-2.31.so
7f6c6b1b4000-7f6c6b32c000 r-xp 00022000 08:01 1706134                    /usr/lib/x86_64-linux-gnu/libc-2.31.so
7f6c6b32c000-7f6c6b37a000 r--p 0019a000 08:01 1706134                    /usr/lib/x86_64-linux-gnu/libc-2.31.so
7f6c6b37a000-7f6c6b37e000 r--p 001e7000 08:01 1706134                    /usr/lib/x86_64-linux-gnu/libc-2.31.so
7f6c6b37e000-7f6c6b380000 rw-p 001eb000 08:01 1706134                    /usr/lib/x86_64-linux-gnu/libc-2.31.so
7f6c6b380000-7f6c6b384000 rw-p 00000000 00:00 0 
7f6c6b384000-7f6c6b385000 r--p 00000000 08:01 1706135                    /usr/lib/x86_64-linux-gnu/libdl-2.31.so
7f6c6b385000-7f6c6b387000 r-xp 00001000 08:01 1706135                    /usr/lib/x86_64-linux-gnu/libdl-2.31.so
7f6c6b387000-7f6c6b388000 r--p 00003000 08:01 1706135                    /usr/lib/x86_64-linux-gnu/libdl-2.31.so
7f6c6b388000-7f6c6b389000 r--p 00003000 08:01 1706135                    /usr/lib/x86_64-linux-gnu/libdl-2.31.so
7f6c6b389000-7f6c6b38a000 rw-p 00004000 08:01 1706135                    /usr/lib/x86_64-linux-gnu/libdl-2.31.so
7f6c6b38a000-7f6c6b3a4000 r-xp 00000000 08:04 2360572                    /home/zhigalko/.sdkman/candidates/java/11.0.12.7.1-amzn/lib/jli/libjli.so
7f6c6b3a4000-7f6c6b5a3000 ---p 0001a000 08:04 2360572                    /home/zhigalko/.sdkman/candidates/java/11.0.12.7.1-amzn/lib/jli/libjli.so
7f6c6b5a3000-7f6c6b5a4000 r--p 00019000 08:04 2360572                    /home/zhigalko/.sdkman/candidates/java/11.0.12.7.1-amzn/lib/jli/libjli.so
7f6c6b5a4000-7f6c6b5a5000 rw-p 0001a000 08:04 2360572                    /home/zhigalko/.sdkman/candidates/java/11.0.12.7.1-amzn/lib/jli/libjli.so
7f6c6b5a5000-7f6c6b5ab000 r--p 00000000 08:01 1706147                    /usr/lib/x86_64-linux-gnu/libpthread-2.31.so
7f6c6b5ab000-7f6c6b5bc000 r-xp 00006000 08:01 1706147                    /usr/lib/x86_64-linux-gnu/libpthread-2.31.so
7f6c6b5bc000-7f6c6b5c2000 r--p 00017000 08:01 1706147                    /usr/lib/x86_64-linux-gnu/libpthread-2.31.so
7f6c6b5c2000-7f6c6b5c3000 r--p 0001c000 08:01 1706147                    /usr/lib/x86_64-linux-gnu/libpthread-2.31.so
7f6c6b5c3000-7f6c6b5c4000 rw-p 0001d000 08:01 1706147                    /usr/lib/x86_64-linux-gnu/libpthread-2.31.so
7f6c6b5c4000-7f6c6b5c8000 rw-p 00000000 00:00 0 
7f6c6b5d2000-7f6c6b5da000 rw-s 00000000 08:01 1572934                    /tmp/hsperfdata_zhigalko/5362
7f6c6b5da000-7f6c6b5db000 ---p 00000000 00:00 0 
7f6c6b5db000-7f6c6b5dc000 r--p 00000000 00:00 0 
7f6c6b5dc000-7f6c6b5de000 rw-p 00000000 00:00 0 
7f6c6b5de000-7f6c6b5df000 r--p 00000000 08:01 1706127                    /usr/lib/x86_64-linux-gnu/ld-2.31.so
7f6c6b5df000-7f6c6b602000 r-xp 00001000 08:01 1706127                    /usr/lib/x86_64-linux-gnu/ld-2.31.so
7f6c6b602000-7f6c6b60a000 r--p 00024000 08:01 1706127                    /usr/lib/x86_64-linux-gnu/ld-2.31.so
7f6c6b60b000-7f6c6b60c000 r--p 0002c000 08:01 1706127                    /usr/lib/x86_64-linux-gnu/ld-2.31.so
7f6c6b60c000-7f6c6b60d000 rw-p 0002d000 08:01 1706127                    /usr/lib/x86_64-linux-gnu/ld-2.31.so
7f6c6b60d000-7f6c6b60e000 rw-p 00000000 00:00 0 
7ffd3c4c8000-7ffd3c4ea000 rw-p 00000000 00:00 0                          [stack]
7ffd3c5e0000-7ffd3c5e4000 r--p 00000000 00:00 0                          [vvar]
7ffd3c5e4000-7ffd3c5e6000 r-xp 00000000 00:00 0                          [vdso]
ffffffffff600000-ffffffffff601000 --xp 00000000 00:00 0                  [vsyscall]


VM Arguments:
java_command: /home/zhigalko/dev/pet-project-zhigalko/dal/target/surefire/surefirebooter4290083878562361982.jar /home/zhigalko/dev/pet-project-zhigalko/dal/target/surefire 2022-03-20T09-59-25_735-jvmRun1 surefire1897650050353948398tmp surefire_017626304251605681418tmp
java_class_path (initial): /home/zhigalko/dev/pet-project-zhigalko/dal/target/surefire/surefirebooter4290083878562361982.jar
Launcher Type: SUN_STANDARD

[Global flags]
     intx CICompilerCount                          = 3                                         {product} {ergonomic}
     uint ConcGCThreads                            = 1                                         {product} {ergonomic}
     uint G1ConcRefinementThreads                  = 4                                         {product} {ergonomic}
   size_t G1HeapRegionSize                         = 1048576                                   {product} {ergonomic}
    uintx GCDrainStackTargetSize                   = 64                                        {product} {ergonomic}
   size_t InitialHeapSize                          = 159383552                                 {product} {ergonomic}
   size_t MarkStackSize                            = 4194304                                   {product} {ergonomic}
   size_t MaxHeapSize                              = 2533359616                                {product} {ergonomic}
   size_t MaxNewSize                               = 1519386624                                {product} {ergonomic}
   size_t MinHeapDeltaBytes                        = 1048576                                   {product} {ergonomic}
    uintx NonNMethodCodeHeapSize                   = 5830732                                {pd product} {ergonomic}
    uintx NonProfiledCodeHeapSize                  = 122913754                              {pd product} {ergonomic}
    uintx ProfiledCodeHeapSize                     = 122913754                              {pd product} {ergonomic}
    uintx ReservedCodeCacheSize                    = 251658240                              {pd product} {ergonomic}
     bool SegmentedCodeCache                       = true                                      {product} {ergonomic}
     bool UseCompressedClassPointers               = true                                 {lp64_product} {ergonomic}
     bool UseCompressedOops                        = true                                 {lp64_product} {ergonomic}
     bool UseG1GC                                  = true                                      {product} {ergonomic}

Logging:
Log output configuration:
 #0: stdout all=warning uptime,level,tags
 #1: stderr all=off uptime,level,tags

Environment Variables:
JAVA_HOME=/home/zhigalko/.sdkman/candidates/java/current
PATH=/home/zhigalko/.sdkman/candidates/maven/current/bin:/home/zhigalko/.sdkman/candidates/java/current/bin:/usr/local/sbin:/usr/local/bin:/usr/sbin:/usr/bin:/sbin:/bin:/usr/games:/usr/local/games:/snap/bin
USERNAME=zhigalko
SHELL=/bin/bash
DISPLAY=:0
LANG=en_US.UTF-8

Signal Handlers:
SIGSEGV: [libjvm.so+0xf4be40], sa_mask[0]=11111111011111111101111111111110, sa_flags=SA_RESTART|SA_SIGINFO
SIGBUS: [libjvm.so+0xf4be40], sa_mask[0]=11111111011111111101111111111110, sa_flags=SA_RESTART|SA_SIGINFO
SIGFPE: [libjvm.so+0xf4be40], sa_mask[0]=11111111011111111101111111111110, sa_flags=SA_RESTART|SA_SIGINFO
SIGPIPE: [libjvm.so+0xc6a760], sa_mask[0]=11111111011111111101111111111110, sa_flags=SA_RESTART|SA_SIGINFO
SIGXFSZ: [libjvm.so+0xc6a760], sa_mask[0]=11111111011111111101111111111110, sa_flags=SA_RESTART|SA_SIGINFO
SIGILL: [libjvm.so+0xf4be40], sa_mask[0]=11111111011111111101111111111110, sa_flags=SA_RESTART|SA_SIGINFO
SIGUSR2: [libjvm.so+0xc6a600], sa_mask[0]=00100000000000000000000000000000, sa_flags=SA_RESTART|SA_SIGINFO
SIGHUP: [libjvm.so+0xc6a960], sa_mask[0]=11111111011111111101111111111110, sa_flags=SA_RESTART|SA_SIGINFO
SIGINT: [libjvm.so+0xc6a960], sa_mask[0]=11111111011111111101111111111110, sa_flags=SA_RESTART|SA_SIGINFO
SIGTERM: [libjvm.so+0xc6a960], sa_mask[0]=11111111011111111101111111111110, sa_flags=SA_RESTART|SA_SIGINFO
SIGQUIT: [libjvm.so+0xc6a960], sa_mask[0]=11111111011111111101111111111110, sa_flags=SA_RESTART|SA_SIGINFO


---------------  S Y S T E M  ---------------

OS:DISTRIB_ID=Ubuntu
DISTRIB_RELEASE=20.04
DISTRIB_CODENAME=focal
DISTRIB_DESCRIPTION="Ubuntu 20.04.4 LTS"
uname:Linux 5.13.0-35-generic #40~20.04.1-Ubuntu SMP Mon Mar 7 09:18:32 UTC 2022 x86_64
OS uptime: 0 days 0:19 hours
libc:glibc 2.31 NPTL 2.31 
rlimit (soft/hard): STACK 8192k/infinity , CORE 0k/infinity , NPROC 38370/38370 , NOFILE 1048576/1048576 , AS infinity/infinity , CPU infinity/infinity , DATA infinity/infinity , FSIZE infinity/infinity , MEMLOCK 65536k/65536k
load average:3.95 3.69 2.66

/proc/meminfo:
MemTotal:        9889936 kB
MemFree:         1252192 kB
MemAvailable:    5071712 kB
Buffers:           81960 kB
Cached:          3934372 kB
SwapCached:            0 kB
Active:           725312 kB
Inactive:        7474904 kB
Active(anon):       7692 kB
Inactive(anon):  4194328 kB
Active(file):     717620 kB
Inactive(file):  3280576 kB
Unevictable:           0 kB
Mlocked:               0 kB
SwapTotal:             0 kB
SwapFree:              0 kB
Dirty:             18188 kB
Writeback:             0 kB
AnonPages:       4183988 kB
Mapped:          1397608 kB
Shmem:             24452 kB
KReclaimable:     100124 kB
Slab:             217216 kB
SReclaimable:     100124 kB
SUnreclaim:       117092 kB
KernelStack:       15464 kB
PageTables:        32352 kB
NFS_Unstable:          0 kB
Bounce:                0 kB
WritebackTmp:          0 kB
CommitLimit:     4944968 kB
Committed_AS:    9229668 kB
VmallocTotal:   34359738367 kB
VmallocUsed:       43372 kB
VmallocChunk:          0 kB
Percpu:            15488 kB
HardwareCorrupted:     0 kB
AnonHugePages:         0 kB
ShmemHugePages:        0 kB
ShmemPmdMapped:        0 kB
FileHugePages:         0 kB
FilePmdMapped:         0 kB
HugePages_Total:       0
HugePages_Free:        0
HugePages_Rsvd:        0
HugePages_Surp:        0
Hugepagesize:       2048 kB
Hugetlb:               0 kB
DirectMap4k:      355984 kB
DirectMap2M:     6678528 kB
DirectMap1G:     3145728 kB

/sys/kernel/mm/transparent_hugepage/enabled:
always [madvise] never
/sys/kernel/mm/transparent_hugepage/defrag (defrag/compaction efforts parameter):
always defer defer+madvise [madvise] never

Process Memory:
Virtual Size: 5029988K (peak: 5029988K)
Resident Set Size: 29924K (peak: 29924K) (anon: 12340K, file: 17584K, shmem: 0K)
Swapped out: 0K
C-Heap outstanding allocations: 2797K

/proc/sys/kernel/threads-max (system-wide limit on the number of threads):
76741
/proc/sys/vm/max_map_count (maximum number of memory map areas a process may have):
65530
/proc/sys/kernel/pid_max (system-wide limit on number of process identifiers):
4194304

container (cgroup) information:
container_type: cgroupv1
cpu_cpuset_cpus: 0-3
cpu_memory_nodes: 0
active_processor_count: 4
cpu_quota: -1
cpu_period: 100000
cpu_shares: -1
memory_limit_in_bytes: -1
memory_and_swap_limit_in_bytes: -1
memory_soft_limit_in_bytes: -1
memory_usage_in_bytes: 6462394368
memory_max_usage_in_bytes: 6462541824

Steal ticks since vm start: 0
Steal ticks percentage since vm start:  0.000

CPU:total 4 (initial active 4) (4 cores per cpu, 2 threads per core) family 23 model 24 stepping 1 microcode 0x8108102, cmov, cx8, fxsr, mmx, sse, sse2, sse3, ssse3, sse4.1, sse4.2, popcnt, avx, avx2, aes, clmul, mmxext, 3dnowpref, lzcnt, sse4a, ht, tsc, tscinvbit, tscinv, bmi1, bmi2, adx, sha, fma
CPU Model and flags from /proc/cpuinfo:
model name	: AMD Ryzen 3 3200U with Radeon Vega Mobile Gfx
flags		: fpu vme de pse tsc msr pae mce cx8 apic sep mtrr pge mca cmov pat pse36 clflush mmx fxsr sse sse2 ht syscall nx mmxext fxsr_opt pdpe1gb rdtscp lm constant_tsc rep_good nopl nonstop_tsc cpuid extd_apicid aperfmperf pni pclmulqdq monitor ssse3 fma cx16 sse4_1 sse4_2 movbe popcnt aes xsave avx f16c rdrand lahf_lm cmp_legacy svm extapic cr8_legacy abm sse4a misalignsse 3dnowprefetch osvw skinit wdt tce topoext perfctr_core perfctr_nb bpext perfctr_llc mwaitx cpb hw_pstate ssbd ibpb vmmcall fsgsbase bmi1 avx2 smep bmi2 rdseed adx smap clflushopt sha_ni xsaveopt xsavec xgetbv1 xsaves clzero irperf xsaveerptr arat npt lbrv svm_lock nrip_save tsc_scale vmcb_clean flushbyasid decodeassists pausefilter pfthreshold avic v_vmsave_vmload vgif overflow_recov succor smca sme sev sev_es
Online cpus:
0-3
Offline cpus:
4-15
BIOS frequency limitation:
2600000
Frequency switch latency (ns):
0
Available cpu frequencies:
2600000 1700000 1400000 
Current governor:
ondemand
Core performance/turbo boost:
1

Memory: 4k page, physical 9889936k(1251924k free), swap 0k(0k free)

vm_info: OpenJDK 64-Bit Server VM (11.0.12+7-LTS) for linux-amd64 JRE (11.0.12+7-LTS), built on Jul 13 2021 17:50:23 by "jenkins" with gcc 7.3.1 20180303 (Red Hat 7.3.1-5)

END.
